
*** Running vivado
    with args -log MixColumns.vds -m64 -product Vivado -mode batch -messageDb vivado.pb -notrace -source MixColumns.tcl



****** Vivado v2024.1 (64-bit)
  **** SW Build 5076996 on Wed May 22 18:37:14 MDT 2024
  **** IP Build 5075265 on Wed May 22 21:45:21 MDT 2024
  **** SharedData Build 5076995 on Wed May 22 18:29:18 MDT 2024
  **** Start of session at: Thu Sep 19 14:41:26 2024
    ** Copyright 1986-2022 Xilinx, Inc. All Rights Reserved.
    ** Copyright 2022-2024 Advanced Micro Devices, Inc. All Rights Reserved.

source MixColumns.tcl -notrace
create_project: Time (s): cpu = 00:00:08 ; elapsed = 00:00:08 . Memory (MB): peak = 629.469 ; gain = 201.359
Command: read_checkpoint -auto_incremental -incremental C:/Users/dzemi/Desktop/AES-256-SystemVerilog/AES_VERILOG.srcs/utils_1/imports/synth_1/Top.dcp
INFO: [Vivado 12-5825] Read reference checkpoint from C:/Users/dzemi/Desktop/AES-256-SystemVerilog/AES_VERILOG.srcs/utils_1/imports/synth_1/Top.dcp for incremental synthesis
INFO: [Vivado 12-7989] Please ensure there are no constraint changes
Command: synth_design -top MixColumns -part xc7z020clg400-1
Starting synth_design
Attempting to get a license for feature 'Synthesis' and/or device 'xc7z020'
INFO: [Common 17-349] Got license for feature 'Synthesis' and/or device 'xc7z020'
INFO: [Designutils 20-5440] No compile time benefit to using incremental synthesis; A full resynthesis will be run
INFO: [Designutils 20-4379] Flow is switching to default flow due to incremental criteria not met. If you would like to alter this behaviour and have the flow terminate instead, please set the following parameter config_implementation {autoIncr.Synth.RejectBehavior Terminate}
INFO: [Synth 8-7079] Multithreading enabled for synth_design using a maximum of 2 processes.
INFO: [Synth 8-7078] Launching helper process for spawning children vivado processes
INFO: [Synth 8-7075] Helper process launched with PID 17196
---------------------------------------------------------------------------------
Starting Synthesize : Time (s): cpu = 00:00:06 ; elapsed = 00:00:07 . Memory (MB): peak = 1091.715 ; gain = 447.730
---------------------------------------------------------------------------------
INFO: [Synth 8-6157] synthesizing module 'MixColumns' [C:/Users/dzemi/Desktop/AES-256-SystemVerilog/AES_VERILOG.srcs/sources_1/new/MixColumns.sv:23]
INFO: [Synth 8-6157] synthesizing module 'MixColumn' [C:/Users/dzemi/Desktop/AES-256-SystemVerilog/AES_VERILOG.srcs/sources_1/new/MixColumn.sv:23]
INFO: [Synth 8-6157] synthesizing module 'XTime' [C:/Users/dzemi/Desktop/AES-256-SystemVerilog/AES_VERILOG.srcs/sources_1/new/XTime.sv:23]
INFO: [Synth 8-3876] $readmem data file 'x_time.mem' is read successfully [C:/Users/dzemi/Desktop/AES-256-SystemVerilog/AES_VERILOG.srcs/sources_1/new/XTime.sv:32]
INFO: [Synth 8-6155] done synthesizing module 'XTime' (0#1) [C:/Users/dzemi/Desktop/AES-256-SystemVerilog/AES_VERILOG.srcs/sources_1/new/XTime.sv:23]
INFO: [Synth 8-6155] done synthesizing module 'MixColumn' (0#1) [C:/Users/dzemi/Desktop/AES-256-SystemVerilog/AES_VERILOG.srcs/sources_1/new/MixColumn.sv:23]
INFO: [Synth 8-6155] done synthesizing module 'MixColumns' (0#1) [C:/Users/dzemi/Desktop/AES-256-SystemVerilog/AES_VERILOG.srcs/sources_1/new/MixColumns.sv:23]
---------------------------------------------------------------------------------
Finished Synthesize : Time (s): cpu = 00:00:08 ; elapsed = 00:00:09 . Memory (MB): peak = 1202.160 ; gain = 558.176
---------------------------------------------------------------------------------
---------------------------------------------------------------------------------
Finished Constraint Validation : Time (s): cpu = 00:00:09 ; elapsed = 00:00:09 . Memory (MB): peak = 1202.160 ; gain = 558.176
---------------------------------------------------------------------------------
---------------------------------------------------------------------------------
Start Loading Part and Timing Information
---------------------------------------------------------------------------------
Loading part: xc7z020clg400-1
---------------------------------------------------------------------------------
Finished Loading Part and Timing Information : Time (s): cpu = 00:00:09 ; elapsed = 00:00:09 . Memory (MB): peak = 1202.160 ; gain = 558.176
---------------------------------------------------------------------------------
INFO: [Device 21-403] Loading part xc7z020clg400-1
---------------------------------------------------------------------------------
Finished RTL Optimization Phase 2 : Time (s): cpu = 00:00:09 ; elapsed = 00:00:09 . Memory (MB): peak = 1202.160 ; gain = 558.176
---------------------------------------------------------------------------------
No constraint files found.
---------------------------------------------------------------------------------
Start RTL Component Statistics 
---------------------------------------------------------------------------------
Detailed RTL Component Info : 
+---XORs : 
	   2 Input      8 Bit         XORs := 20    
	   3 Input      8 Bit         XORs := 16    
---------------------------------------------------------------------------------
Finished RTL Component Statistics 
---------------------------------------------------------------------------------
---------------------------------------------------------------------------------
Start Part Resource Summary
---------------------------------------------------------------------------------
INFO: [Device 21-9227] Part: xc7z020clg400-1 does not have CEAM library.
Part Resources:
DSPs: 220 (col length:60)
BRAMs: 280 (col length: RAMB18 60 RAMB36 30)
---------------------------------------------------------------------------------
Finished Part Resource Summary
---------------------------------------------------------------------------------
No constraint files found.
---------------------------------------------------------------------------------
Start Cross Boundary and Area Optimization
---------------------------------------------------------------------------------
WARNING: [Synth 8-7080] Parallel synthesis criteria is not met
---------------------------------------------------------------------------------
Finished Cross Boundary and Area Optimization : Time (s): cpu = 00:00:16 ; elapsed = 00:00:17 . Memory (MB): peak = 1413.082 ; gain = 769.098
---------------------------------------------------------------------------------
---------------------------------------------------------------------------------
Start ROM, RAM, DSP, Shift Register and Retiming Reporting
---------------------------------------------------------------------------------

ROM: Preliminary Mapping Report
+------------+------------+---------------+----------------+
|Module Name | RTL Object | Depth x Width | Implemented As | 
+------------+------------+---------------+----------------+
|XTime       | x_time     | 256x8         | LUT            | 
|MixColumns  | p_0_out    | 256x8         | LUT            | 
|MixColumns  | p_0_out    | 256x8         | LUT            | 
|MixColumns  | p_0_out    | 256x8         | LUT            | 
|MixColumns  | p_0_out    | 256x8         | LUT            | 
|MixColumns  | p_0_out    | 256x8         | LUT            | 
|MixColumns  | p_0_out    | 256x8         | LUT            | 
|MixColumns  | p_0_out    | 256x8         | LUT            | 
|MixColumns  | p_0_out    | 256x8         | LUT            | 
|MixColumns  | p_0_out    | 256x8         | LUT            | 
|MixColumns  | p_0_out    | 256x8         | LUT            | 
|MixColumns  | p_0_out    | 256x8         | LUT            | 
|MixColumns  | p_0_out    | 256x8         | LUT            | 
|MixColumns  | p_0_out    | 256x8         | LUT            | 
|MixColumns  | p_0_out    | 256x8         | LUT            | 
|MixColumns  | p_0_out    | 256x8         | LUT            | 
|MixColumns  | p_0_out    | 256x8         | LUT            | 
+------------+------------+---------------+----------------+

---------------------------------------------------------------------------------
Finished ROM, RAM, DSP, Shift Register and Retiming Reporting
---------------------------------------------------------------------------------
No constraint files found.
---------------------------------------------------------------------------------
Start Timing Optimization
---------------------------------------------------------------------------------
---------------------------------------------------------------------------------
Finished Timing Optimization : Time (s): cpu = 00:00:16 ; elapsed = 00:00:17 . Memory (MB): peak = 1413.082 ; gain = 769.098
---------------------------------------------------------------------------------
---------------------------------------------------------------------------------
Start Technology Mapping
---------------------------------------------------------------------------------
---------------------------------------------------------------------------------
Finished Technology Mapping : Time (s): cpu = 00:00:16 ; elapsed = 00:00:17 . Memory (MB): peak = 1413.082 ; gain = 769.098
---------------------------------------------------------------------------------
---------------------------------------------------------------------------------
Start IO Insertion
---------------------------------------------------------------------------------
---------------------------------------------------------------------------------
Start Flattening Before IO Insertion
---------------------------------------------------------------------------------
---------------------------------------------------------------------------------
Finished Flattening Before IO Insertion
---------------------------------------------------------------------------------
---------------------------------------------------------------------------------
Start Final Netlist Cleanup
---------------------------------------------------------------------------------
---------------------------------------------------------------------------------
Finished Final Netlist Cleanup
---------------------------------------------------------------------------------
---------------------------------------------------------------------------------
Finished IO Insertion : Time (s): cpu = 00:00:21 ; elapsed = 00:00:22 . Memory (MB): peak = 1413.082 ; gain = 769.098
---------------------------------------------------------------------------------
---------------------------------------------------------------------------------
Start Renaming Generated Instances
---------------------------------------------------------------------------------
---------------------------------------------------------------------------------
Finished Renaming Generated Instances : Time (s): cpu = 00:00:21 ; elapsed = 00:00:22 . Memory (MB): peak = 1413.082 ; gain = 769.098
---------------------------------------------------------------------------------
---------------------------------------------------------------------------------
Start Rebuilding User Hierarchy
---------------------------------------------------------------------------------
---------------------------------------------------------------------------------
Finished Rebuilding User Hierarchy : Time (s): cpu = 00:00:21 ; elapsed = 00:00:22 . Memory (MB): peak = 1413.082 ; gain = 769.098
---------------------------------------------------------------------------------
---------------------------------------------------------------------------------
Start Renaming Generated Ports
---------------------------------------------------------------------------------
---------------------------------------------------------------------------------
Finished Renaming Generated Ports : Time (s): cpu = 00:00:21 ; elapsed = 00:00:22 . Memory (MB): peak = 1413.082 ; gain = 769.098
---------------------------------------------------------------------------------
---------------------------------------------------------------------------------
Start Handling Custom Attributes
---------------------------------------------------------------------------------
---------------------------------------------------------------------------------
Finished Handling Custom Attributes : Time (s): cpu = 00:00:21 ; elapsed = 00:00:22 . Memory (MB): peak = 1413.082 ; gain = 769.098
---------------------------------------------------------------------------------
---------------------------------------------------------------------------------
Start Renaming Generated Nets
---------------------------------------------------------------------------------
---------------------------------------------------------------------------------
Finished Renaming Generated Nets : Time (s): cpu = 00:00:21 ; elapsed = 00:00:22 . Memory (MB): peak = 1413.082 ; gain = 769.098
---------------------------------------------------------------------------------
---------------------------------------------------------------------------------
Start Writing Synthesis Report
---------------------------------------------------------------------------------

Report BlackBoxes: 
+-+--------------+----------+
| |BlackBox name |Instances |
+-+--------------+----------+
+-+--------------+----------+

Report Cell Usage: 
+------+-----+------+
|      |Cell |Count |
+------+-----+------+
|1     |LUT4 |    12|
|2     |LUT5 |    80|
|3     |LUT6 |    48|
|4     |IBUF |   128|
|5     |OBUF |   128|
+------+-----+------+

Report Instance Areas: 
+------+-------------+------------+------+
|      |Instance     |Module      |Cells |
+------+-------------+------------+------+
|1     |top          |            |   396|
|2     |  mix_first  |MixColumn   |    35|
|3     |  mix_second |MixColumn_0 |    35|
|4     |  mix_third  |MixColumn_1 |    35|
|5     |  mix_zeroth |MixColumn_2 |    35|
+------+-------------+------------+------+
---------------------------------------------------------------------------------
Finished Writing Synthesis Report : Time (s): cpu = 00:00:21 ; elapsed = 00:00:22 . Memory (MB): peak = 1413.082 ; gain = 769.098
---------------------------------------------------------------------------------
Synthesis finished with 0 errors, 0 critical warnings and 1 warnings.
Synthesis Optimization Runtime : Time (s): cpu = 00:00:21 ; elapsed = 00:00:22 . Memory (MB): peak = 1413.082 ; gain = 769.098
Synthesis Optimization Complete : Time (s): cpu = 00:00:21 ; elapsed = 00:00:22 . Memory (MB): peak = 1413.082 ; gain = 769.098
INFO: [Project 1-571] Translating synthesized netlist
Netlist sorting complete. Time (s): cpu = 00:00:00 ; elapsed = 00:00:00.007 . Memory (MB): peak = 1425.957 ; gain = 0.000
INFO: [Project 1-570] Preparing netlist for logic optimization
INFO: [Opt 31-138] Pushed 0 inverter(s) to 0 load pin(s).
Netlist sorting complete. Time (s): cpu = 00:00:00 ; elapsed = 00:00:00 . Memory (MB): peak = 1527.055 ; gain = 0.000
INFO: [Project 1-111] Unisim Transformation Summary:
No Unisim elements were transformed.

Synth Design complete | Checksum: db48ba1f
INFO: [Common 17-83] Releasing license: Synthesis
22 Infos, 1 Warnings, 0 Critical Warnings and 0 Errors encountered.
synth_design completed successfully
synth_design: Time (s): cpu = 00:00:23 ; elapsed = 00:00:25 . Memory (MB): peak = 1527.055 ; gain = 890.066
Write ShapeDB Complete: Time (s): cpu = 00:00:00 ; elapsed = 00:00:00.007 . Memory (MB): peak = 1527.055 ; gain = 0.000
INFO: [Common 17-1381] The checkpoint 'C:/Users/dzemi/Desktop/AES-256-SystemVerilog/AES_VERILOG.runs/synth_1/MixColumns.dcp' has been generated.
INFO: [Vivado 12-24828] Executing command : report_utilization -file MixColumns_utilization_synth.rpt -pb MixColumns_utilization_synth.pb
INFO: [Common 17-206] Exiting Vivado at Thu Sep 19 14:42:04 2024...
