Time resolution is 1 ps
Stopped at time : 0 fs : File "C:/Users/dzemi/Desktop/AES-256-SystemVerilog/AES_VERILOG.srcs/sources_1/new/EncryptionRound.sv" Line 49
Stopped at time : 0 fs : File "C:/Users/dzemi/Desktop/AES-256-SystemVerilog/AES_VERILOG.srcs/sources_1/new/EncryptionRound.sv" Line 49
Stopped at time : 0 fs : File "C:/Users/dzemi/Desktop/AES-256-SystemVerilog/AES_VERILOG.srcs/sources_1/new/EncryptionRound.sv" Line 49
Stopped at time : 0 fs : File "C:/Users/dzemi/Desktop/AES-256-SystemVerilog/AES_VERILOG.srcs/sources_1/new/EncryptionRound.sv" Line 49
Stopped at time : 0 fs : File "C:/Users/dzemi/Desktop/AES-256-SystemVerilog/AES_VERILOG.srcs/sources_1/new/EncryptionRound.sv" Line 49
Stopped at time : 0 fs : File "C:/Users/dzemi/Desktop/AES-256-SystemVerilog/AES_VERILOG.srcs/sources_1/new/EncryptionRound.sv" Line 49
Stopped at time : 0 fs : File "C:/Users/dzemi/Desktop/AES-256-SystemVerilog/AES_VERILOG.srcs/sources_1/new/EncryptionRound.sv" Line 49
Stopped at time : 0 fs : File "C:/Users/dzemi/Desktop/AES-256-SystemVerilog/AES_VERILOG.srcs/sources_1/new/EncryptionRound.sv" Line 49
Stopped at time : 0 fs : File "C:/Users/dzemi/Desktop/AES-256-SystemVerilog/AES_VERILOG.srcs/sources_1/new/EncryptionRound.sv" Line 49
Stopped at time : 0 fs : File "C:/Users/dzemi/Desktop/AES-256-SystemVerilog/AES_VERILOG.srcs/sources_1/new/EncryptionRound.sv" Line 49
Stopped at time : 0 fs : File "C:/Users/dzemi/Desktop/AES-256-SystemVerilog/AES_VERILOG.srcs/sources_1/new/EncryptionRound.sv" Line 49
Stopped at time : 0 fs : File "C:/Users/dzemi/Desktop/AES-256-SystemVerilog/AES_VERILOG.srcs/sources_1/new/EncryptionRound.sv" Line 49
Stopped at time : 0 fs : File "C:/Users/dzemi/Desktop/AES-256-SystemVerilog/AES_VERILOG.srcs/sources_1/new/AddRoundKey.sv" Line 28
Stopped at time : 0 fs : File "C:/Users/dzemi/Desktop/AES-256-SystemVerilog/AES_VERILOG.srcs/sources_1/new/AddRoundKey.sv" Line 28
Stopped at time : 0 fs : File "C:/Users/dzemi/Desktop/AES-256-SystemVerilog/AES_VERILOG.srcs/sources_1/new/AddRoundKey.sv" Line 28
Stopped at time : 0 fs : File "C:/Users/dzemi/Desktop/AES-256-SystemVerilog/AES_VERILOG.srcs/sources_1/new/AddRoundKey.sv" Line 28
Stopped at time : 0 fs : File "C:/Users/dzemi/Desktop/AES-256-SystemVerilog/AES_VERILOG.srcs/sources_1/new/AddRoundKey.sv" Line 28
Stopped at time : 0 fs : File "C:/Users/dzemi/Desktop/AES-256-SystemVerilog/AES_VERILOG.srcs/sources_1/new/AddRoundKey.sv" Line 28
Stopped at time : 0 fs : File "C:/Users/dzemi/Desktop/AES-256-SystemVerilog/AES_VERILOG.srcs/sources_1/new/AddRoundKey.sv" Line 28
Stopped at time : 0 fs : File "C:/Users/dzemi/Desktop/AES-256-SystemVerilog/AES_VERILOG.srcs/sources_1/new/AddRoundKey.sv" Line 28
Stopped at time : 0 fs : File "C:/Users/dzemi/Desktop/AES-256-SystemVerilog/AES_VERILOG.srcs/sources_1/new/AddRoundKey.sv" Line 28
Stopped at time : 0 fs : File "C:/Users/dzemi/Desktop/AES-256-SystemVerilog/AES_VERILOG.srcs/sources_1/new/AddRoundKey.sv" Line 28
Stopped at time : 0 fs : File "C:/Users/dzemi/Desktop/AES-256-SystemVerilog/AES_VERILOG.srcs/sources_1/new/AddRoundKey.sv" Line 28
Stopped at time : 0 fs : File "C:/Users/dzemi/Desktop/AES-256-SystemVerilog/AES_VERILOG.srcs/sources_1/new/AddRoundKey.sv" Line 28
Stopped at time : 0 fs : File "C:/Users/dzemi/Desktop/AES-256-SystemVerilog/AES_VERILOG.srcs/sources_1/new/AddRoundKey.sv" Line 28
Stopped at time : 0 fs : File "C:/Users/dzemi/Desktop/AES-256-SystemVerilog/AES_VERILOG.srcs/sources_1/new/AddRoundKey.sv" Line 28
Stopped at time : 0 fs : File "C:/Users/dzemi/Desktop/AES-256-SystemVerilog/AES_VERILOG.srcs/sources_1/new/AddRoundKey.sv" Line 28
Stopped at time : 1 ns : File "C:/Users/dzemi/Desktop/AES-256-SystemVerilog/AES_VERILOG.srcs/sources_1/new/EncryptionInitialRound.sv" Line 53
Stopped at time : 1 ns : File "C:/Users/dzemi/Desktop/AES-256-SystemVerilog/AES_VERILOG.srcs/sources_1/new/EncryptionRound.sv" Line 49
Stopped at time : 1 ns : File "C:/Users/dzemi/Desktop/AES-256-SystemVerilog/AES_VERILOG.srcs/sources_1/new/EncryptionRound.sv" Line 49
Stopped at time : 1 ns : File "C:/Users/dzemi/Desktop/AES-256-SystemVerilog/AES_VERILOG.srcs/sources_1/new/EncryptionRound.sv" Line 49
Stopped at time : 1 ns : File "C:/Users/dzemi/Desktop/AES-256-SystemVerilog/AES_VERILOG.srcs/sources_1/new/EncryptionRound.sv" Line 49
Stopped at time : 1 ns : File "C:/Users/dzemi/Desktop/AES-256-SystemVerilog/AES_VERILOG.srcs/sources_1/new/EncryptionRound.sv" Line 49
Stopped at time : 1 ns : File "C:/Users/dzemi/Desktop/AES-256-SystemVerilog/AES_VERILOG.srcs/sources_1/new/EncryptionRound.sv" Line 49
Stopped at time : 1 ns : File "C:/Users/dzemi/Desktop/AES-256-SystemVerilog/AES_VERILOG.srcs/sources_1/new/EncryptionRound.sv" Line 49
Stopped at time : 1 ns : File "C:/Users/dzemi/Desktop/AES-256-SystemVerilog/AES_VERILOG.srcs/sources_1/new/EncryptionRound.sv" Line 49
Stopped at time : 1 ns : File "C:/Users/dzemi/Desktop/AES-256-SystemVerilog/AES_VERILOG.srcs/sources_1/new/EncryptionRound.sv" Line 49
Stopped at time : 1 ns : File "C:/Users/dzemi/Desktop/AES-256-SystemVerilog/AES_VERILOG.srcs/sources_1/new/EncryptionRound.sv" Line 49
Stopped at time : 1 ns : File "C:/Users/dzemi/Desktop/AES-256-SystemVerilog/AES_VERILOG.srcs/sources_1/new/EncryptionRound.sv" Line 49
Stopped at time : 1 ns : File "C:/Users/dzemi/Desktop/AES-256-SystemVerilog/AES_VERILOG.srcs/sources_1/new/EncryptionRound.sv" Line 49
Stopped at time : 1 ns : File "C:/Users/dzemi/Desktop/AES-256-SystemVerilog/AES_VERILOG.srcs/sources_1/new/EncryptionFinalRound.sv" Line 43
Stopped at time : 9 ns : File "C:/Users/dzemi/Desktop/AES-256-SystemVerilog/AES_VERILOG.srcs/sources_1/new/EncryptionInitialRound.sv" Line 53
Stopped at time : 9 ns : File "C:/Users/dzemi/Desktop/AES-256-SystemVerilog/AES_VERILOG.srcs/sources_1/new/EncryptionRound.sv" Line 49
Stopped at time : 9 ns : File "C:/Users/dzemi/Desktop/AES-256-SystemVerilog/AES_VERILOG.srcs/sources_1/new/EncryptionRound.sv" Line 49
Stopped at time : 9 ns : File "C:/Users/dzemi/Desktop/AES-256-SystemVerilog/AES_VERILOG.srcs/sources_1/new/EncryptionRound.sv" Line 49
Stopped at time : 9 ns : File "C:/Users/dzemi/Desktop/AES-256-SystemVerilog/AES_VERILOG.srcs/sources_1/new/EncryptionRound.sv" Line 49
Stopped at time : 9 ns : File "C:/Users/dzemi/Desktop/AES-256-SystemVerilog/AES_VERILOG.srcs/sources_1/new/EncryptionRound.sv" Line 49
Stopped at time : 9 ns : File "C:/Users/dzemi/Desktop/AES-256-SystemVerilog/AES_VERILOG.srcs/sources_1/new/EncryptionRound.sv" Line 49
Stopped at time : 9 ns : File "C:/Users/dzemi/Desktop/AES-256-SystemVerilog/AES_VERILOG.srcs/sources_1/new/EncryptionRound.sv" Line 49
Stopped at time : 9 ns : File "C:/Users/dzemi/Desktop/AES-256-SystemVerilog/AES_VERILOG.srcs/sources_1/new/EncryptionRound.sv" Line 49
Stopped at time : 9 ns : File "C:/Users/dzemi/Desktop/AES-256-SystemVerilog/AES_VERILOG.srcs/sources_1/new/EncryptionRound.sv" Line 49
Stopped at time : 9 ns : File "C:/Users/dzemi/Desktop/AES-256-SystemVerilog/AES_VERILOG.srcs/sources_1/new/EncryptionRound.sv" Line 49
Stopped at time : 9 ns : File "C:/Users/dzemi/Desktop/AES-256-SystemVerilog/AES_VERILOG.srcs/sources_1/new/EncryptionRound.sv" Line 49
Stopped at time : 9 ns : File "C:/Users/dzemi/Desktop/AES-256-SystemVerilog/AES_VERILOG.srcs/sources_1/new/EncryptionRound.sv" Line 49
Stopped at time : 9 ns : File "C:/Users/dzemi/Desktop/AES-256-SystemVerilog/AES_VERILOG.srcs/sources_1/new/EncryptionFinalRound.sv" Line 43
Stopped at time : 9 ns : File "C:/Users/dzemi/Desktop/AES-256-SystemVerilog/AES_VERILOG.srcs/sources_1/new/EncryptPipelined.sv" Line 146
Stopped at time : 9 ns : File "C:/Users/dzemi/Desktop/AES-256-SystemVerilog/AES_VERILOG.srcs/sources_1/new/EncryptPipelined.sv" Line 150
Stopped at time : 9 ns : File "C:/Users/dzemi/Desktop/AES-256-SystemVerilog/AES_VERILOG.srcs/sources_1/new/EncryptPipelined.sv" Line 151
Stopped at time : 9 ns : File "C:/Users/dzemi/Desktop/AES-256-SystemVerilog/AES_VERILOG.srcs/sources_1/new/EncryptPipelined.sv" Line 152
Stopped at time : 9 ns : File "C:/Users/dzemi/Desktop/AES-256-SystemVerilog/AES_VERILOG.srcs/sources_1/new/EncryptPipelined.sv" Line 153
Stopped at time : 9 ns : File "C:/Users/dzemi/Desktop/AES-256-SystemVerilog/AES_VERILOG.srcs/sources_1/new/EncryptPipelined.sv" Line 154
Stopped at time : 9 ns : File "C:/Users/dzemi/Desktop/AES-256-SystemVerilog/AES_VERILOG.srcs/sources_1/new/EncryptPipelined.sv" Line 155
Stopped at time : 9 ns : File "C:/Users/dzemi/Desktop/AES-256-SystemVerilog/AES_VERILOG.srcs/sources_1/new/EncryptPipelined.sv" Line 156
Stopped at time : 9 ns : File "C:/Users/dzemi/Desktop/AES-256-SystemVerilog/AES_VERILOG.srcs/sources_1/new/EncryptPipelined.sv" Line 157
Stopped at time : 9 ns : File "C:/Users/dzemi/Desktop/AES-256-SystemVerilog/AES_VERILOG.srcs/sources_1/new/EncryptPipelined.sv" Line 158
Stopped at time : 9 ns : File "C:/Users/dzemi/Desktop/AES-256-SystemVerilog/AES_VERILOG.srcs/sources_1/new/EncryptPipelined.sv" Line 159
Stopped at time : 9 ns : File "C:/Users/dzemi/Desktop/AES-256-SystemVerilog/AES_VERILOG.srcs/sources_1/new/EncryptPipelined.sv" Line 160
Stopped at time : 9 ns : File "C:/Users/dzemi/Desktop/AES-256-SystemVerilog/AES_VERILOG.srcs/sources_1/new/EncryptPipelined.sv" Line 161
Stopped at time : 9 ns : File "C:/Users/dzemi/Desktop/AES-256-SystemVerilog/AES_VERILOG.srcs/sources_1/new/EncryptPipelined.sv" Line 162
Stopped at time : 9 ns : File "C:/Users/dzemi/Desktop/AES-256-SystemVerilog/AES_VERILOG.srcs/sources_1/new/EncryptPipelined.sv" Line 163
Stopped at time : 9 ns : File "C:/Users/dzemi/Desktop/AES-256-SystemVerilog/AES_VERILOG.srcs/sources_1/new/EncryptPipelined.sv" Line 134
Stopped at time : 9 ns : File "C:/Users/dzemi/Desktop/AES-256-SystemVerilog/AES_VERILOG.srcs/sources_1/new/AddRoundKey.sv" Line 28
Stopped at time : 9 ns : File "C:/Users/dzemi/Desktop/AES-256-SystemVerilog/AES_VERILOG.srcs/sources_1/new/AddRoundKey.sv" Line 28
Stopped at time : 9 ns : File "C:/Users/dzemi/Desktop/AES-256-SystemVerilog/AES_VERILOG.srcs/sources_1/new/AddRoundKey.sv" Line 28
Stopped at time : 9 ns : File "C:/Users/dzemi/Desktop/AES-256-SystemVerilog/AES_VERILOG.srcs/sources_1/new/AddRoundKey.sv" Line 28
Stopped at time : 9 ns : File "C:/Users/dzemi/Desktop/AES-256-SystemVerilog/AES_VERILOG.srcs/sources_1/new/AddRoundKey.sv" Line 28
Stopped at time : 9 ns : File "C:/Users/dzemi/Desktop/AES-256-SystemVerilog/AES_VERILOG.srcs/sources_1/new/AddRoundKey.sv" Line 28
Stopped at time : 9 ns : File "C:/Users/dzemi/Desktop/AES-256-SystemVerilog/AES_VERILOG.srcs/sources_1/new/AddRoundKey.sv" Line 28
Stopped at time : 9 ns : File "C:/Users/dzemi/Desktop/AES-256-SystemVerilog/AES_VERILOG.srcs/sources_1/new/AddRoundKey.sv" Line 28
Stopped at time : 9 ns : File "C:/Users/dzemi/Desktop/AES-256-SystemVerilog/AES_VERILOG.srcs/sources_1/new/AddRoundKey.sv" Line 28
Stopped at time : 9 ns : File "C:/Users/dzemi/Desktop/AES-256-SystemVerilog/AES_VERILOG.srcs/sources_1/new/AddRoundKey.sv" Line 28
Stopped at time : 9 ns : File "C:/Users/dzemi/Desktop/AES-256-SystemVerilog/AES_VERILOG.srcs/sources_1/new/AddRoundKey.sv" Line 28
Stopped at time : 9 ns : File "C:/Users/dzemi/Desktop/AES-256-SystemVerilog/AES_VERILOG.srcs/sources_1/new/AddRoundKey.sv" Line 28
Stopped at time : 9 ns : File "C:/Users/dzemi/Desktop/AES-256-SystemVerilog/AES_VERILOG.srcs/sources_1/new/AddRoundKey.sv" Line 28
Stopped at time : 9 ns : File "C:/Users/dzemi/Desktop/AES-256-SystemVerilog/AES_VERILOG.srcs/sources_1/new/AddRoundKey.sv" Line 28
Stopped at time : 9 ns : File "C:/Users/dzemi/Desktop/AES-256-SystemVerilog/AES_VERILOG.srcs/sources_1/new/AddRoundKey.sv" Line 28
Stopped at time : 9 ns : File "C:/Users/dzemi/Desktop/AES-256-SystemVerilog/AES_VERILOG.srcs/sources_1/new/AddRoundKey.sv" Line 28
Stopped at time : 9 ns : File "C:/Users/dzemi/Desktop/AES-256-SystemVerilog/AES_VERILOG.srcs/sources_1/new/AddRoundKey.sv" Line 28
Stopped at time : 11 ns : File "C:/Users/dzemi/Desktop/AES-256-SystemVerilog/AES_VERILOG.srcs/sources_1/new/EncryptionInitialRound.sv" Line 53
Stopped at time : 11 ns : File "C:/Users/dzemi/Desktop/AES-256-SystemVerilog/AES_VERILOG.srcs/sources_1/new/EncryptPipelined.sv" Line 146
Stopped at time : 11 ns : File "C:/Users/dzemi/Desktop/AES-256-SystemVerilog/AES_VERILOG.srcs/sources_1/new/EncryptPipelined.sv" Line 150
Stopped at time : 11 ns : File "C:/Users/dzemi/Desktop/AES-256-SystemVerilog/AES_VERILOG.srcs/sources_1/new/AddRoundKey.sv" Line 28
Stopped at time : 11 ns : File "C:/Users/dzemi/Desktop/AES-256-SystemVerilog/AES_VERILOG.srcs/sources_1/new/AddRoundKey.sv" Line 28
Stopped at time : 13 ns : File "C:/Users/dzemi/Desktop/AES-256-SystemVerilog/AES_VERILOG.srcs/sources_1/new/EncryptionInitialRound.sv" Line 53
Stopped at time : 13 ns : File "C:/Users/dzemi/Desktop/AES-256-SystemVerilog/AES_VERILOG.srcs/sources_1/new/EncryptionInitialRound.sv" Line 54
Stopped at time : 13 ns : File "C:/Users/dzemi/Desktop/AES-256-SystemVerilog/AES_VERILOG.srcs/sources_1/new/EncryptionInitialRound.sv" Line 52
Stopped at time : 13 ns : File "C:/Users/dzemi/Desktop/AES-256-SystemVerilog/AES_VERILOG.srcs/sources_1/new/EncryptionRound.sv" Line 50
Stopped at time : 13 ns : File "C:/Users/dzemi/Desktop/AES-256-SystemVerilog/AES_VERILOG.srcs/sources_1/new/EncryptionRound.sv" Line 49
Stopped at time : 13 ns : File "C:/Users/dzemi/Desktop/AES-256-SystemVerilog/AES_VERILOG.srcs/sources_1/new/EncryptPipelined.sv" Line 146
Stopped at time : 13 ns : File "C:/Users/dzemi/Desktop/AES-256-SystemVerilog/AES_VERILOG.srcs/sources_1/new/AddRoundKey.sv" Line 28
Stopped at time : 13 ns : File "C:/Users/dzemi/Desktop/AES-256-SystemVerilog/AES_VERILOG.srcs/sources_1/new/AddRoundKey.sv" Line 28
Stopped at time : 15 ns : File "C:/Users/dzemi/Desktop/AES-256-SystemVerilog/AES_VERILOG.srcs/sources_1/new/EncryptionRound.sv" Line 49
Stopped at time : 15 ns : File "C:/Users/dzemi/Desktop/AES-256-SystemVerilog/AES_VERILOG.srcs/sources_1/new/EncryptPipelined.sv" Line 146
Stopped at time : 15 ns : File "C:/Users/dzemi/Desktop/AES-256-SystemVerilog/AES_VERILOG.srcs/sources_1/new/AddRoundKey.sv" Line 28
Stopped at time : 37 ns : File "C:/Users/dzemi/Desktop/AES-256-SystemVerilog/AES_VERILOG.srcs/EncryptTB/new/EncryptTestBench.sv" Line 123
Stopped at time : 37 ns : File "C:/Users/dzemi/Desktop/AES-256-SystemVerilog/AES_VERILOG.srcs/EncryptTB/new/EncryptTestBench.sv" Line 123
Stopped at time : 37 ns : File "C:/Users/dzemi/Desktop/AES-256-SystemVerilog/AES_VERILOG.srcs/EncryptTB/new/EncryptTestBench.sv" Line 92
Stopped at time : 37 ns : File "C:/Users/dzemi/Desktop/AES-256-SystemVerilog/AES_VERILOG.srcs/sources_1/new/EncryptionRound.sv" Line 50
Stopped at time : 37 ns : File "C:/Users/dzemi/Desktop/AES-256-SystemVerilog/AES_VERILOG.srcs/sources_1/new/EncryptionFinalRound.sv" Line 43
Stopped at time : 39 ns : File "C:/Users/dzemi/Desktop/AES-256-SystemVerilog/AES_VERILOG.srcs/sources_1/new/EncryptionFinalRound.sv" Line 43
Stopped at time : 39 ns : File "C:/Users/dzemi/Desktop/AES-256-SystemVerilog/AES_VERILOG.srcs/sources_1/new/EncryptionFinalRound.sv" Line 44
Stopped at time : 39 ns : File "C:/Users/dzemi/Desktop/AES-256-SystemVerilog/AES_VERILOG.srcs/sources_1/new/EncryptionFinalRound.sv" Line 42
Stopped at time : 39 ns : File "C:/Users/dzemi/Desktop/AES-256-SystemVerilog/AES_VERILOG.srcs/sources_1/new/EncryptPipelined.sv" Line 135
